<?xml version="1.0" encoding="UTF-8"?>
<!-- Generated by org.testng.reporters.JUnitReportReporter -->
<testsuite ignored="0" hostname="MANISH" failures="0" tests="1" name="org.testing.TestCase.TC2_GetRequest" time="0.167" errors="0" timestamp="27 Jun 2021 05:56:23 GMT" skipped="0">
  <testcase classname="org.testing.TestCase.TC2_GetRequest" name="TC2" time="0.167"/>
</testsuite> <!-- org.testing.TestCase.TC2_GetRequest -->
