<?xml version="1.0" encoding="UTF-8"?>
<!-- Generated by org.testng.reporters.JUnitReportReporter -->
<testsuite ignored="0" hostname="MANISH" failures="0" tests="1" name="org.testing.TestCase.TC10_DeleteReqRes" time="5.740" errors="0" timestamp="27 Jun 2021 06:00:26 GMT" skipped="0">
  <testcase classname="org.testing.TestCase.TC10_DeleteReqRes" name="TC10" time="5.740"/>
</testsuite> <!-- org.testing.TestCase.TC10_DeleteReqRes -->
