<?xml version="1.0" encoding="UTF-8"?>
<!-- Generated by org.testng.reporters.JUnitReportReporter -->
<testsuite ignored="0" hostname="MANISH" failures="0" tests="1" name="org.testing.TestCase.TC4_DeleteRequest" time="0.080" errors="0" timestamp="27 Jun 2021 05:56:22 GMT" skipped="0">
  <testcase classname="org.testing.TestCase.TC4_DeleteRequest" name="TC4" time="0.080"/>
</testsuite> <!-- org.testing.TestCase.TC4_DeleteRequest -->
