<?xml version="1.0" encoding="UTF-8"?>
<!-- Generated by org.testng.reporters.JUnitReportReporter -->
<testsuite ignored="0" hostname="MANISH" failures="0" tests="1" name="org.testing.TestCase.TC5_GetAllRequest" time="0.057" errors="0" timestamp="27 Jun 2021 05:56:23 GMT" skipped="0">
  <testcase classname="org.testing.TestCase.TC5_GetAllRequest" name="TC5" time="0.057"/>
</testsuite> <!-- org.testing.TestCase.TC5_GetAllRequest -->
