<?xml version="1.0" encoding="UTF-8"?>
<!-- Generated by org.testng.reporters.JUnitReportReporter -->
<testsuite ignored="0" hostname="MANISH" failures="0" tests="1" name="org.testing.TestCase.TC8_GetAllReqRes" time="0.589" errors="0" timestamp="27 Jun 2021 05:56:22 GMT" skipped="0">
  <testcase classname="org.testing.TestCase.TC8_GetAllReqRes" name="TC8" time="0.589"/>
</testsuite> <!-- org.testing.TestCase.TC8_GetAllReqRes -->
